  cs248_simulation_rigid_body.cpp
c:\users\edour\development\csd\ai in games\starter_windows\vsrigidbodyplugin\rigidbodyplugin\cs248_simulation_rigid_body.cpp(31): warning C4244: '=': conversion from 'double' to 'float', possible loss of data
c:\users\edour\development\csd\ai in games\starter_windows\vsrigidbodyplugin\rigidbodyplugin\cs248_simulation_rigid_body.cpp(32): warning C4244: '=': conversion from 'double' to 'float', possible loss of data
c:\users\edour\development\csd\ai in games\starter_windows\vsrigidbodyplugin\rigidbodyplugin\cs248_simulation_rigid_body.cpp(33): warning C4244: '=': conversion from 'double' to 'float', possible loss of data
c:\users\edour\development\csd\ai in games\starter_windows\vsrigidbodyplugin\rigidbodyplugin\cs248_simulation_rigid_body.cpp(34): warning C4244: '=': conversion from 'double' to 'float', possible loss of data
c:\users\edour\development\csd\ai in games\starter_windows\vsrigidbodyplugin\rigidbodyplugin\cs248_simulation_rigid_body.cpp(35): warning C4244: '=': conversion from 'double' to 'float', possible loss of data
c:\users\edour\development\csd\ai in games\starter_windows\vsrigidbodyplugin\rigidbodyplugin\cs248_simulation_rigid_body.cpp(36): warning C4244: '=': conversion from 'double' to 'float', possible loss of data
c:\users\edour\development\csd\ai in games\starter_windows\vsrigidbodyplugin\rigidbodyplugin\cs248_simulation_rigid_body.cpp(37): warning C4244: '=': conversion from 'double' to 'float', possible loss of data
  matvec.cpp
c:\users\edour\development\csd\ai in games\starter_windows\vsrigidbodyplugin\rigidbodyplugin\matvec.cpp(603): warning C4244: '=': conversion from 'double' to 'float', possible loss of data
c:\users\edour\development\csd\ai in games\starter_windows\vsrigidbodyplugin\rigidbodyplugin\matvec.cpp(841): warning C4244: '=': conversion from 'double' to 'float', possible loss of data
  rigid_body.cpp
c:\users\edour\development\csd\ai in games\starter_windows\vsrigidbodyplugin\rigidbodyplugin\rigid_body.cpp(12): warning C4244: 'initializing': conversion from 'double' to 'float', possible loss of data
c:\users\edour\development\csd\ai in games\starter_windows\vsrigidbodyplugin\rigidbodyplugin\rigid_body.cpp(60): warning C4244: '=': conversion from 'double' to 'float', possible loss of data
     Creating library C:\Users\edour\Development\Csd\AI in Games\starter_windows\VSRigidBodyPlugin\x64\Release\RigidBodyPlugin.lib and object C:\Users\edour\Development\Csd\AI in Games\starter_windows\VSRigidBodyPlugin\x64\Release\RigidBodyPlugin.exp
  Generating code
  79 of 81 functions (97.5%) were compiled, the rest were copied from previous compilation.
    0 functions were new in current compilation
    0 functions had inline decision re-evaluated but remain unchanged
  Finished generating code
  RigidBodyPlugin.vcxproj -> C:\Users\edour\Development\Csd\AI in Games\starter_windows\VSRigidBodyPlugin\x64\Release\RigidBodyPlugin.dll
